{"C:\\Users\\Usuario\\Desktop\\ivan_dev\\Web\\Vue\\todolist-project\\postcss.config.js": {"path":"C:\\Users\\Usuario\\Desktop\\ivan_dev\\Web\\Vue\\todolist-project\\postcss.config.js","all":true,"statementMap":{"0":{"start":{"line":1,"column":0},"end":{"line":1,"column":16}},"1":{"start":{"line":2,"column":0},"end":{"line":2,"column":12}},"2":{"start":{"line":3,"column":0},"end":{"line":3,"column":20}},"3":{"start":{"line":4,"column":0},"end":{"line":4,"column":21}},"4":{"start":{"line":5,"column":0},"end":{"line":5,"column":4}},"5":{"start":{"line":6,"column":0},"end":{"line":6,"column":1}}},"s":{"0":0,"1":0,"2":0,"3":0,"4":0,"5":0},"branchMap":{"0":{"type":"branch","line":1,"loc":{"start":{"line":1,"column":0},"end":{"line":6,"column":-11}},"locations":[{"start":{"line":1,"column":0},"end":{"line":6,"column":-11}}]}},"b":{"0":[0]},"fnMap":{"0":{"name":"(empty-report)","decl":{"start":{"line":1,"column":0},"end":{"line":6,"column":-11}},"loc":{"start":{"line":1,"column":0},"end":{"line":6,"column":-11}},"line":1}},"f":{"0":0}}
,"C:\\Users\\Usuario\\Desktop\\ivan_dev\\Web\\Vue\\todolist-project\\tailwind.config.js": {"path":"C:\\Users\\Usuario\\Desktop\\ivan_dev\\Web\\Vue\\todolist-project\\tailwind.config.js","all":true,"statementMap":{"0":{"start":{"line":1,"column":0},"end":{"line":1,"column":43}},"1":{"start":{"line":2,"column":0},"end":{"line":2,"column":18}},"2":{"start":{"line":3,"column":0},"end":{"line":3,"column":20}},"3":{"start":{"line":4,"column":0},"end":{"line":4,"column":12}},"4":{"start":{"line":5,"column":0},"end":{"line":5,"column":19}},"5":{"start":{"line":6,"column":0},"end":{"line":6,"column":36}},"6":{"start":{"line":7,"column":0},"end":{"line":7,"column":4}},"7":{"start":{"line":8,"column":0},"end":{"line":8,"column":10}},"8":{"start":{"line":9,"column":0},"end":{"line":9,"column":15}},"9":{"start":{"line":10,"column":0},"end":{"line":10,"column":4}},"10":{"start":{"line":11,"column":0},"end":{"line":11,"column":14}},"11":{"start":{"line":12,"column":0},"end":{"line":12,"column":1}}},"s":{"0":0,"1":0,"2":0,"3":0,"4":0,"5":0,"6":0,"7":0,"8":0,"9":0,"10":0,"11":0},"branchMap":{"0":{"type":"branch","line":1,"loc":{"start":{"line":1,"column":207},"end":{"line":12,"column":1}},"locations":[{"start":{"line":1,"column":207},"end":{"line":12,"column":1}}]}},"b":{"0":[0]},"fnMap":{"0":{"name":"(empty-report)","decl":{"start":{"line":1,"column":207},"end":{"line":12,"column":1}},"loc":{"start":{"line":1,"column":207},"end":{"line":12,"column":1}},"line":1}},"f":{"0":0}}
,"C:\\Users\\Usuario\\Desktop\\ivan_dev\\Web\\Vue\\todolist-project\\src\\App.vue": {"path":"C:\\Users\\Usuario\\Desktop\\ivan_dev\\Web\\Vue\\todolist-project\\src\\App.vue","all":true,"statementMap":{"1":{"start":{"line":2,"column":0},"end":{"line":2,"column":14}},"5":{"start":{"line":6,"column":0},"end":{"line":6,"column":49}},"7":{"start":{"line":8,"column":0},"end":{"line":8,"column":16}},"8":{"start":{"line":9,"column":0},"end":{"line":9,"column":15}},"9":{"start":{"line":10,"column":0},"end":{"line":10,"column":13}},"10":{"start":{"line":11,"column":0},"end":{"line":11,"column":4}},"11":{"start":{"line":12,"column":0},"end":{"line":12,"column":2}}},"s":{"1":0,"5":0,"7":0,"8":0,"9":0,"10":0,"11":0},"branchMap":{"0":{"type":"branch","line":1,"loc":{"start":{"line":1,"column":163},"end":{"line":13,"column":9}},"locations":[{"start":{"line":1,"column":163},"end":{"line":13,"column":9}}]}},"b":{"0":[1]},"fnMap":{"0":{"name":"(empty-report)","decl":{"start":{"line":1,"column":163},"end":{"line":13,"column":9}},"loc":{"start":{"line":1,"column":163},"end":{"line":13,"column":9}},"line":1}},"f":{"0":1}}
,"C:\\Users\\Usuario\\Desktop\\ivan_dev\\Web\\Vue\\todolist-project\\src\\main.ts": {"path":"C:\\Users\\Usuario\\Desktop\\ivan_dev\\Web\\Vue\\todolist-project\\src\\main.ts","all":true,"statementMap":{"0":{"start":{"line":1,"column":0},"end":{"line":1,"column":31}},"1":{"start":{"line":2,"column":0},"end":{"line":2,"column":27}},"3":{"start":{"line":4,"column":0},"end":{"line":4,"column":27}},"5":{"start":{"line":6,"column":0},"end":{"line":6,"column":28}}},"s":{"0":0,"1":0,"3":0,"5":0},"branchMap":{"0":{"type":"branch","line":1,"loc":{"start":{"line":1,"column":0},"end":{"line":6,"column":-44}},"locations":[{"start":{"line":1,"column":0},"end":{"line":6,"column":-44}}]}},"b":{"0":[0]},"fnMap":{"0":{"name":"(empty-report)","decl":{"start":{"line":1,"column":0},"end":{"line":6,"column":-44}},"loc":{"start":{"line":1,"column":0},"end":{"line":6,"column":-44}},"line":1}},"f":{"0":0}}
,"C:\\Users\\Usuario\\Desktop\\ivan_dev\\Web\\Vue\\todolist-project\\src\\components\\TodoList.vue": {"path":"C:\\Users\\Usuario\\Desktop\\ivan_dev\\Web\\Vue\\todolist-project\\src\\components\\TodoList.vue","all":false,"statementMap":{"0":{"start":{"line":1,"column":0},"end":{"line":1,"column":10}},"1":{"start":{"line":2,"column":0},"end":{"line":2,"column":101}},"2":{"start":{"line":3,"column":0},"end":{"line":3,"column":99}},"3":{"start":{"line":4,"column":0},"end":{"line":4,"column":29}},"4":{"start":{"line":5,"column":0},"end":{"line":5,"column":74}},"5":{"start":{"line":6,"column":0},"end":{"line":6,"column":102}},"6":{"start":{"line":7,"column":0},"end":{"line":7,"column":15}},"7":{"start":{"line":8,"column":0},"end":{"line":8,"column":33}},"8":{"start":{"line":9,"column":0},"end":{"line":9,"column":128}},"9":{"start":{"line":10,"column":0},"end":{"line":10,"column":39}},"11":{"start":{"line":12,"column":0},"end":{"line":12,"column":44}},"12":{"start":{"line":13,"column":0},"end":{"line":13,"column":44}},"13":{"start":{"line":14,"column":0},"end":{"line":14,"column":122}},"14":{"start":{"line":15,"column":0},"end":{"line":15,"column":20}},"15":{"start":{"line":16,"column":0},"end":{"line":16,"column":39}},"16":{"start":{"line":17,"column":0},"end":{"line":17,"column":40}},"17":{"start":{"line":18,"column":0},"end":{"line":18,"column":32}},"18":{"start":{"line":19,"column":0},"end":{"line":19,"column":216}},"19":{"start":{"line":20,"column":0},"end":{"line":20,"column":18}},"20":{"start":{"line":21,"column":0},"end":{"line":21,"column":21}},"21":{"start":{"line":22,"column":0},"end":{"line":22,"column":27}},"22":{"start":{"line":23,"column":0},"end":{"line":23,"column":44}},"23":{"start":{"line":24,"column":0},"end":{"line":24,"column":122}},"24":{"start":{"line":25,"column":0},"end":{"line":25,"column":20}},"25":{"start":{"line":26,"column":0},"end":{"line":26,"column":39}},"26":{"start":{"line":27,"column":0},"end":{"line":27,"column":40}},"27":{"start":{"line":28,"column":0},"end":{"line":28,"column":32}},"28":{"start":{"line":29,"column":0},"end":{"line":29,"column":203}},"29":{"start":{"line":30,"column":0},"end":{"line":30,"column":18}},"30":{"start":{"line":31,"column":0},"end":{"line":31,"column":21}},"31":{"start":{"line":32,"column":0},"end":{"line":32,"column":17}},"32":{"start":{"line":33,"column":0},"end":{"line":33,"column":12}},"34":{"start":{"line":35,"column":0},"end":{"line":35,"column":32}},"35":{"start":{"line":36,"column":0},"end":{"line":36,"column":96}},"36":{"start":{"line":37,"column":0},"end":{"line":37,"column":14}},"37":{"start":{"line":38,"column":0},"end":{"line":38,"column":21}},"38":{"start":{"line":39,"column":0},"end":{"line":39,"column":33}},"39":{"start":{"line":40,"column":0},"end":{"line":40,"column":38}},"40":{"start":{"line":41,"column":0},"end":{"line":41,"column":200}},"41":{"start":{"line":42,"column":0},"end":{"line":42,"column":10}},"42":{"start":{"line":43,"column":0},"end":{"line":43,"column":34}},"43":{"start":{"line":44,"column":0},"end":{"line":44,"column":15}},"44":{"start":{"line":45,"column":0},"end":{"line":45,"column":37}},"45":{"start":{"line":46,"column":0},"end":{"line":46,"column":213}},"47":{"start":{"line":48,"column":0},"end":{"line":48,"column":44}},"48":{"start":{"line":49,"column":0},"end":{"line":49,"column":57}},"49":{"start":{"line":50,"column":0},"end":{"line":50,"column":42}},"50":{"start":{"line":51,"column":0},"end":{"line":51,"column":17}},"51":{"start":{"line":52,"column":0},"end":{"line":52,"column":15}},"52":{"start":{"line":53,"column":0},"end":{"line":53,"column":23}},"53":{"start":{"line":54,"column":0},"end":{"line":54,"column":96}},"54":{"start":{"line":55,"column":0},"end":{"line":55,"column":9}},"56":{"start":{"line":57,"column":0},"end":{"line":57,"column":17}},"57":{"start":{"line":58,"column":0},"end":{"line":58,"column":13}},"59":{"start":{"line":60,"column":0},"end":{"line":60,"column":27}},"60":{"start":{"line":61,"column":0},"end":{"line":61,"column":86}},"61":{"start":{"line":62,"column":0},"end":{"line":62,"column":58}},"62":{"start":{"line":63,"column":0},"end":{"line":63,"column":12}},"64":{"start":{"line":65,"column":0},"end":{"line":65,"column":30}},"65":{"start":{"line":66,"column":0},"end":{"line":66,"column":100}},"66":{"start":{"line":67,"column":0},"end":{"line":67,"column":42}},"67":{"start":{"line":68,"column":0},"end":{"line":68,"column":17}},"68":{"start":{"line":69,"column":0},"end":{"line":69,"column":37}},"69":{"start":{"line":70,"column":0},"end":{"line":70,"column":84}},"70":{"start":{"line":71,"column":0},"end":{"line":71,"column":11}},"72":{"start":{"line":73,"column":0},"end":{"line":73,"column":19}},"73":{"start":{"line":74,"column":0},"end":{"line":74,"column":17}},"74":{"start":{"line":75,"column":0},"end":{"line":75,"column":41}},"75":{"start":{"line":76,"column":0},"end":{"line":76,"column":88}},"76":{"start":{"line":77,"column":0},"end":{"line":77,"column":11}},"78":{"start":{"line":79,"column":0},"end":{"line":79,"column":19}},"79":{"start":{"line":80,"column":0},"end":{"line":80,"column":17}},"80":{"start":{"line":81,"column":0},"end":{"line":81,"column":43}},"81":{"start":{"line":82,"column":0},"end":{"line":82,"column":90}},"82":{"start":{"line":83,"column":0},"end":{"line":83,"column":11}},"84":{"start":{"line":85,"column":0},"end":{"line":85,"column":19}},"85":{"start":{"line":86,"column":0},"end":{"line":86,"column":14}},"87":{"start":{"line":88,"column":0},"end":{"line":88,"column":32}},"88":{"start":{"line":89,"column":0},"end":{"line":89,"column":62}},"89":{"start":{"line":90,"column":0},"end":{"line":90,"column":115}},"90":{"start":{"line":91,"column":0},"end":{"line":91,"column":57}},"91":{"start":{"line":92,"column":0},"end":{"line":92,"column":19}},"92":{"start":{"line":93,"column":0},"end":{"line":93,"column":34}},"93":{"start":{"line":94,"column":0},"end":{"line":94,"column":44}},"94":{"start":{"line":95,"column":0},"end":{"line":95,"column":239}},"96":{"start":{"line":97,"column":0},"end":{"line":97,"column":46}},"97":{"start":{"line":98,"column":0},"end":{"line":98,"column":48}},"98":{"start":{"line":99,"column":0},"end":{"line":99,"column":52}},"99":{"start":{"line":100,"column":0},"end":{"line":100,"column":46}},"100":{"start":{"line":101,"column":0},"end":{"line":101,"column":21}},"101":{"start":{"line":102,"column":0},"end":{"line":102,"column":128}},"102":{"start":{"line":103,"column":0},"end":{"line":103,"column":103}},"103":{"start":{"line":104,"column":0},"end":{"line":104,"column":180}},"104":{"start":{"line":105,"column":0},"end":{"line":105,"column":20}},"105":{"start":{"line":106,"column":0},"end":{"line":106,"column":18}},"106":{"start":{"line":107,"column":0},"end":{"line":107,"column":16}},"107":{"start":{"line":108,"column":0},"end":{"line":108,"column":14}},"108":{"start":{"line":109,"column":0},"end":{"line":109,"column":12}},"110":{"start":{"line":111,"column":0},"end":{"line":111,"column":24}},"111":{"start":{"line":112,"column":0},"end":{"line":112,"column":23}},"112":{"start":{"line":113,"column":0},"end":{"line":113,"column":19}},"113":{"start":{"line":114,"column":0},"end":{"line":114,"column":16}},"114":{"start":{"line":115,"column":0},"end":{"line":115,"column":25}},"116":{"start":{"line":117,"column":0},"end":{"line":117,"column":11}},"117":{"start":{"line":118,"column":0},"end":{"line":118,"column":39}},"118":{"start":{"line":119,"column":0},"end":{"line":119,"column":24}},"119":{"start":{"line":120,"column":0},"end":{"line":120,"column":152}},"121":{"start":{"line":122,"column":0},"end":{"line":122,"column":40}},"122":{"start":{"line":123,"column":0},"end":{"line":123,"column":121}},"123":{"start":{"line":124,"column":0},"end":{"line":124,"column":29}},"124":{"start":{"line":125,"column":0},"end":{"line":125,"column":19}},"125":{"start":{"line":126,"column":0},"end":{"line":126,"column":17}},"126":{"start":{"line":127,"column":0},"end":{"line":127,"column":81}},"127":{"start":{"line":128,"column":0},"end":{"line":128,"column":23}},"133":{"start":{"line":134,"column":0},"end":{"line":134,"column":33}},"134":{"start":{"line":135,"column":0},"end":{"line":135,"column":19}},"135":{"start":{"line":136,"column":0},"end":{"line":136,"column":16}},"136":{"start":{"line":137,"column":0},"end":{"line":137,"column":67}},"137":{"start":{"line":138,"column":0},"end":{"line":138,"column":19}},"138":{"start":{"line":139,"column":0},"end":{"line":139,"column":39}},"139":{"start":{"line":140,"column":0},"end":{"line":140,"column":93}},"141":{"start":{"line":142,"column":0},"end":{"line":142,"column":56}},"142":{"start":{"line":143,"column":0},"end":{"line":143,"column":21}},"143":{"start":{"line":144,"column":0},"end":{"line":144,"column":19}},"144":{"start":{"line":145,"column":0},"end":{"line":145,"column":39}},"145":{"start":{"line":146,"column":0},"end":{"line":146,"column":103}},"147":{"start":{"line":148,"column":0},"end":{"line":148,"column":121}},"148":{"start":{"line":149,"column":0},"end":{"line":149,"column":21}},"149":{"start":{"line":150,"column":0},"end":{"line":150,"column":130}},"150":{"start":{"line":151,"column":0},"end":{"line":151,"column":18}},"151":{"start":{"line":152,"column":0},"end":{"line":152,"column":20}},"152":{"start":{"line":153,"column":0},"end":{"line":153,"column":21}},"153":{"start":{"line":154,"column":0},"end":{"line":154,"column":16}},"154":{"start":{"line":155,"column":0},"end":{"line":155,"column":13}},"155":{"start":{"line":156,"column":0},"end":{"line":156,"column":25}},"156":{"start":{"line":157,"column":0},"end":{"line":157,"column":10}},"157":{"start":{"line":158,"column":0},"end":{"line":158,"column":8}},"161":{"start":{"line":162,"column":0},"end":{"line":162,"column":50}},"163":{"start":{"line":164,"column":0},"end":{"line":164,"column":16}},"164":{"start":{"line":165,"column":0},"end":{"line":165,"column":11}},"165":{"start":{"line":166,"column":0},"end":{"line":166,"column":25}},"166":{"start":{"line":167,"column":0},"end":{"line":167,"column":4}},"167":{"start":{"line":168,"column":0},"end":{"line":168,"column":2}}},"s":{"0":1,"1":1,"2":1,"3":1,"4":1,"5":1,"6":1,"7":1,"8":1,"9":1,"11":1,"12":1,"13":1,"14":1,"15":1,"16":1,"17":1,"18":1,"19":1,"20":1,"21":1,"22":1,"23":1,"24":1,"25":1,"26":1,"27":1,"28":1,"29":1,"30":1,"31":1,"32":1,"34":1,"35":1,"36":1,"37":1,"38":4,"39":1,"40":1,"41":1,"42":1,"43":1,"44":1,"45":1,"47":1,"48":1,"49":1,"50":1,"51":1,"52":5,"53":5,"54":5,"56":5,"57":1,"59":1,"60":1,"61":1,"62":1,"64":1,"65":1,"66":1,"67":1,"68":1,"69":1,"70":1,"72":1,"73":1,"74":1,"75":1,"76":1,"78":1,"79":1,"80":1,"81":1,"82":1,"84":1,"85":1,"87":1,"88":1,"89":1,"90":1,"91":1,"92":1,"93":0,"94":1,"96":1,"97":1,"98":1,"99":1,"100":1,"101":1,"102":1,"103":1,"104":1,"105":1,"106":1,"107":1,"108":1,"110":1,"111":1,"112":1,"113":1,"114":1,"116":1,"117":1,"118":1,"119":1,"121":1,"122":1,"123":1,"124":1,"125":1,"126":1,"127":1,"133":1,"134":1,"135":1,"136":1,"137":1,"138":1,"139":1,"141":1,"142":1,"143":1,"144":1,"145":1,"147":1,"148":1,"149":1,"150":1,"151":1,"152":1,"153":1,"154":1,"155":1,"156":1,"157":1,"161":1,"163":1,"164":1,"165":5,"166":5,"167":1},"branchMap":{"0":{"type":"branch","line":165,"loc":{"start":{"line":165,"column":2},"end":{"line":167,"column":4}},"locations":[{"start":{"line":165,"column":2},"end":{"line":167,"column":4}}]},"1":{"type":"branch","line":12,"loc":{"start":{"line":12,"column":32},"end":{"line":22,"column":27}},"locations":[{"start":{"line":12,"column":32},"end":{"line":22,"column":27}}]},"2":{"type":"branch","line":38,"loc":{"start":{"line":38,"column":15},"end":{"line":39,"column":33}},"locations":[{"start":{"line":38,"column":15},"end":{"line":39,"column":33}}]},"3":{"type":"branch","line":52,"loc":{"start":{"line":52,"column":8},"end":{"line":57,"column":17}},"locations":[{"start":{"line":52,"column":8},"end":{"line":57,"column":17}}]},"4":{"type":"branch","line":70,"loc":{"start":{"line":70,"column":32},"end":{"line":70,"column":65}},"locations":[{"start":{"line":70,"column":32},"end":{"line":70,"column":65}}]},"5":{"type":"branch","line":70,"loc":{"start":{"line":70,"column":45},"end":{"line":70,"column":83}},"locations":[{"start":{"line":70,"column":45},"end":{"line":70,"column":83}}]},"6":{"type":"branch","line":76,"loc":{"start":{"line":76,"column":32},"end":{"line":76,"column":69}},"locations":[{"start":{"line":76,"column":32},"end":{"line":76,"column":69}}]},"7":{"type":"branch","line":82,"loc":{"start":{"line":82,"column":32},"end":{"line":82,"column":71}},"locations":[{"start":{"line":82,"column":32},"end":{"line":82,"column":71}}]},"8":{"type":"branch","line":82,"loc":{"start":{"line":82,"column":51},"end":{"line":82,"column":89}},"locations":[{"start":{"line":82,"column":51},"end":{"line":82,"column":89}}]},"9":{"type":"branch","line":93,"loc":{"start":{"line":93,"column":17},"end":{"line":94,"column":44}},"locations":[{"start":{"line":93,"column":17},"end":{"line":94,"column":44}}]},"10":{"type":"branch","line":38,"loc":{"start":{"line":38,"column":15},"end":{"line":39,"column":33}},"locations":[{"start":{"line":38,"column":15},"end":{"line":39,"column":33}}]},"11":{"type":"branch","line":142,"loc":{"start":{"line":142,"column":22},"end":{"line":142,"column":56}},"locations":[{"start":{"line":142,"column":22},"end":{"line":142,"column":56}}]},"12":{"type":"branch","line":142,"loc":{"start":{"line":142,"column":31},"end":{"line":142,"column":56}},"locations":[{"start":{"line":142,"column":31},"end":{"line":142,"column":56}}]}},"b":{"0":[5],"1":[1],"2":[5],"3":[5],"4":[14],"5":[1],"6":[0],"7":[1],"8":[14],"9":[5],"10":[4],"11":[3],"12":[6]},"fnMap":{"0":{"name":"setup","decl":{"start":{"line":165,"column":2},"end":{"line":167,"column":4}},"loc":{"start":{"line":165,"column":2},"end":{"line":167,"column":4}},"line":165},"1":{"name":"onUpdate:modelValue._cache.<computed>._cache.<computed>","decl":{"start":{"line":38,"column":15},"end":{"line":39,"column":33}},"loc":{"start":{"line":38,"column":15},"end":{"line":39,"column":33}},"line":38},"2":{"name":"onUpdate:modelValue._cache.<computed>._cache.<computed>","decl":{"start":{"line":93,"column":17},"end":{"line":94,"column":44}},"loc":{"start":{"line":93,"column":17},"end":{"line":94,"column":44}},"line":93}},"f":{"0":5,"1":4,"2":0}}
,"C:\\Users\\Usuario\\Desktop\\ivan_dev\\Web\\Vue\\todolist-project\\src\\components\\scripts\\TodoListLogic.ts": {"path":"C:\\Users\\Usuario\\Desktop\\ivan_dev\\Web\\Vue\\todolist-project\\src\\components\\scripts\\TodoListLogic.ts","all":false,"statementMap":{"0":{"start":{"line":1,"column":0},"end":{"line":1,"column":59}},"1":{"start":{"line":2,"column":0},"end":{"line":2,"column":36}},"3":{"start":{"line":4,"column":0},"end":{"line":4,"column":39}},"4":{"start":{"line":5,"column":0},"end":{"line":5,"column":41}},"5":{"start":{"line":6,"column":0},"end":{"line":6,"column":44}},"7":{"start":{"line":8,"column":0},"end":{"line":8,"column":28}},"8":{"start":{"line":9,"column":0},"end":{"line":9,"column":20}},"9":{"start":{"line":10,"column":0},"end":{"line":10,"column":59}},"10":{"start":{"line":11,"column":0},"end":{"line":11,"column":90}},"11":{"start":{"line":12,"column":0},"end":{"line":12,"column":57}},"12":{"start":{"line":13,"column":0},"end":{"line":13,"column":67}},"13":{"start":{"line":14,"column":0},"end":{"line":14,"column":64}},"14":{"start":{"line":15,"column":0},"end":{"line":15,"column":7}},"17":{"start":{"line":18,"column":0},"end":{"line":18,"column":94}},"18":{"start":{"line":19,"column":0},"end":{"line":19,"column":95}},"19":{"start":{"line":20,"column":0},"end":{"line":20,"column":42}},"20":{"start":{"line":21,"column":0},"end":{"line":21,"column":32}},"22":{"start":{"line":23,"column":0},"end":{"line":23,"column":41}},"23":{"start":{"line":24,"column":0},"end":{"line":24,"column":56}},"24":{"start":{"line":25,"column":0},"end":{"line":25,"column":50}},"25":{"start":{"line":26,"column":0},"end":{"line":26,"column":55}},"26":{"start":{"line":27,"column":0},"end":{"line":27,"column":9}},"28":{"start":{"line":29,"column":0},"end":{"line":29,"column":45}},"29":{"start":{"line":30,"column":0},"end":{"line":30,"column":79}},"30":{"start":{"line":31,"column":0},"end":{"line":31,"column":9}},"32":{"start":{"line":33,"column":0},"end":{"line":33,"column":21}},"33":{"start":{"line":34,"column":0},"end":{"line":34,"column":7}},"36":{"start":{"line":37,"column":0},"end":{"line":37,"column":76}},"37":{"start":{"line":38,"column":0},"end":{"line":38,"column":109}},"40":{"start":{"line":41,"column":0},"end":{"line":41,"column":27}},"41":{"start":{"line":42,"column":0},"end":{"line":42,"column":35}},"42":{"start":{"line":43,"column":0},"end":{"line":43,"column":25}},"43":{"start":{"line":44,"column":0},"end":{"line":44,"column":25}},"44":{"start":{"line":45,"column":0},"end":{"line":45,"column":39}},"45":{"start":{"line":46,"column":0},"end":{"line":46,"column":29}},"46":{"start":{"line":47,"column":0},"end":{"line":47,"column":40}},"47":{"start":{"line":48,"column":0},"end":{"line":48,"column":10}},"48":{"start":{"line":49,"column":0},"end":{"line":49,"column":34}},"49":{"start":{"line":50,"column":0},"end":{"line":50,"column":27}},"50":{"start":{"line":51,"column":0},"end":{"line":51,"column":37}},"51":{"start":{"line":52,"column":0},"end":{"line":52,"column":9}},"52":{"start":{"line":53,"column":0},"end":{"line":53,"column":6}},"54":{"start":{"line":55,"column":0},"end":{"line":55,"column":70}},"55":{"start":{"line":56,"column":0},"end":{"line":56,"column":69}},"56":{"start":{"line":57,"column":0},"end":{"line":57,"column":25}},"57":{"start":{"line":58,"column":0},"end":{"line":58,"column":69}},"58":{"start":{"line":59,"column":0},"end":{"line":59,"column":9}},"59":{"start":{"line":60,"column":0},"end":{"line":60,"column":6}},"61":{"start":{"line":62,"column":0},"end":{"line":62,"column":50}},"62":{"start":{"line":63,"column":0},"end":{"line":63,"column":66}},"63":{"start":{"line":64,"column":0},"end":{"line":64,"column":6}},"65":{"start":{"line":66,"column":0},"end":{"line":66,"column":68}},"66":{"start":{"line":67,"column":0},"end":{"line":67,"column":30}},"67":{"start":{"line":68,"column":0},"end":{"line":68,"column":6}},"69":{"start":{"line":70,"column":0},"end":{"line":70,"column":34}},"70":{"start":{"line":71,"column":0},"end":{"line":71,"column":45}},"71":{"start":{"line":72,"column":0},"end":{"line":72,"column":31}},"72":{"start":{"line":73,"column":0},"end":{"line":73,"column":55}},"73":{"start":{"line":74,"column":0},"end":{"line":74,"column":49}},"74":{"start":{"line":75,"column":0},"end":{"line":75,"column":16}},"75":{"start":{"line":76,"column":0},"end":{"line":76,"column":58}},"76":{"start":{"line":77,"column":0},"end":{"line":77,"column":50}},"77":{"start":{"line":78,"column":0},"end":{"line":78,"column":9}},"78":{"start":{"line":79,"column":0},"end":{"line":79,"column":6}},"81":{"start":{"line":82,"column":0},"end":{"line":82,"column":21}},"82":{"start":{"line":83,"column":0},"end":{"line":83,"column":31}},"83":{"start":{"line":84,"column":0},"end":{"line":84,"column":55}},"84":{"start":{"line":85,"column":0},"end":{"line":85,"column":9}},"87":{"start":{"line":88,"column":0},"end":{"line":88,"column":67}},"88":{"start":{"line":89,"column":0},"end":{"line":89,"column":25}},"89":{"start":{"line":90,"column":0},"end":{"line":90,"column":45}},"90":{"start":{"line":91,"column":0},"end":{"line":91,"column":9}},"93":{"start":{"line":94,"column":0},"end":{"line":94,"column":69}},"94":{"start":{"line":95,"column":0},"end":{"line":95,"column":26}},"95":{"start":{"line":96,"column":0},"end":{"line":96,"column":70}},"96":{"start":{"line":97,"column":0},"end":{"line":97,"column":9}},"97":{"start":{"line":98,"column":0},"end":{"line":98,"column":7}},"100":{"start":{"line":101,"column":0},"end":{"line":101,"column":10}},"101":{"start":{"line":102,"column":0},"end":{"line":102,"column":26}},"102":{"start":{"line":103,"column":0},"end":{"line":103,"column":20}},"103":{"start":{"line":104,"column":0},"end":{"line":104,"column":71}},"104":{"start":{"line":105,"column":0},"end":{"line":105,"column":10}},"105":{"start":{"line":106,"column":0},"end":{"line":106,"column":77}},"106":{"start":{"line":107,"column":0},"end":{"line":107,"column":6}},"108":{"start":{"line":109,"column":0},"end":{"line":109,"column":10}},"109":{"start":{"line":110,"column":0},"end":{"line":110,"column":27}},"110":{"start":{"line":111,"column":0},"end":{"line":111,"column":21}},"111":{"start":{"line":112,"column":0},"end":{"line":112,"column":57}},"112":{"start":{"line":113,"column":0},"end":{"line":113,"column":9}},"113":{"start":{"line":114,"column":0},"end":{"line":114,"column":6}},"115":{"start":{"line":116,"column":0},"end":{"line":116,"column":12}},"116":{"start":{"line":117,"column":0},"end":{"line":117,"column":14}},"117":{"start":{"line":118,"column":0},"end":{"line":118,"column":21}},"118":{"start":{"line":119,"column":0},"end":{"line":119,"column":23}},"119":{"start":{"line":120,"column":0},"end":{"line":120,"column":22}},"120":{"start":{"line":121,"column":0},"end":{"line":121,"column":16}},"121":{"start":{"line":122,"column":0},"end":{"line":122,"column":19}},"122":{"start":{"line":123,"column":0},"end":{"line":123,"column":19}},"123":{"start":{"line":124,"column":0},"end":{"line":124,"column":18}},"124":{"start":{"line":125,"column":0},"end":{"line":125,"column":23}},"125":{"start":{"line":126,"column":0},"end":{"line":126,"column":26}},"126":{"start":{"line":127,"column":0},"end":{"line":127,"column":27}},"127":{"start":{"line":128,"column":0},"end":{"line":128,"column":6}},"128":{"start":{"line":129,"column":0},"end":{"line":129,"column":1}}},"s":{"0":1,"1":1,"3":9,"4":9,"5":9,"7":9,"8":9,"9":9,"10":9,"11":9,"12":9,"13":9,"14":9,"17":9,"18":9,"19":9,"20":7,"22":7,"23":0,"24":7,"25":1,"26":1,"28":7,"29":1,"30":1,"32":7,"33":9,"36":9,"37":9,"40":9,"41":8,"42":8,"43":8,"44":8,"45":8,"46":8,"47":8,"48":8,"49":8,"50":8,"51":8,"52":8,"54":9,"55":4,"56":4,"57":4,"58":4,"59":4,"61":9,"62":0,"63":0,"65":9,"66":1,"67":1,"69":9,"70":1,"71":1,"72":1,"73":1,"74":1,"75":0,"76":0,"77":0,"78":1,"81":9,"82":5,"83":0,"84":0,"87":5,"88":5,"89":0,"90":0,"93":5,"94":5,"95":0,"96":0,"97":9,"100":9,"101":9,"102":9,"103":9,"104":9,"105":9,"106":9,"108":9,"109":9,"110":9,"111":1,"112":1,"113":9,"115":9,"116":9,"117":9,"118":9,"119":9,"120":9,"121":9,"122":9,"123":9,"124":9,"125":9,"126":9,"127":9,"128":9},"branchMap":{"0":{"type":"branch","line":4,"loc":{"start":{"line":4,"column":0},"end":{"line":129,"column":1}},"locations":[{"start":{"line":4,"column":0},"end":{"line":129,"column":1}}]},"1":{"type":"branch","line":20,"loc":{"start":{"line":20,"column":35},"end":{"line":34,"column":5}},"locations":[{"start":{"line":20,"column":35},"end":{"line":34,"column":5}}]},"2":{"type":"branch","line":23,"loc":{"start":{"line":23,"column":40},"end":{"line":25,"column":19}},"locations":[{"start":{"line":23,"column":40},"end":{"line":25,"column":19}}]},"3":{"type":"branch","line":25,"loc":{"start":{"line":25,"column":49},"end":{"line":27,"column":9}},"locations":[{"start":{"line":25,"column":49},"end":{"line":27,"column":9}}]},"4":{"type":"branch","line":29,"loc":{"start":{"line":29,"column":44},"end":{"line":31,"column":9}},"locations":[{"start":{"line":29,"column":44},"end":{"line":31,"column":9}}]},"5":{"type":"branch","line":26,"loc":{"start":{"line":26,"column":29},"end":{"line":26,"column":53}},"locations":[{"start":{"line":26,"column":29},"end":{"line":26,"column":53}}]},"6":{"type":"branch","line":30,"loc":{"start":{"line":30,"column":29},"end":{"line":30,"column":77}},"locations":[{"start":{"line":30,"column":29},"end":{"line":30,"column":77}}]},"7":{"type":"branch","line":41,"loc":{"start":{"line":41,"column":20},"end":{"line":53,"column":6}},"locations":[{"start":{"line":41,"column":20},"end":{"line":53,"column":6}}]},"8":{"type":"branch","line":55,"loc":{"start":{"line":55,"column":23},"end":{"line":60,"column":6}},"locations":[{"start":{"line":55,"column":23},"end":{"line":60,"column":6}}]},"9":{"type":"branch","line":56,"loc":{"start":{"line":56,"column":44},"end":{"line":56,"column":67}},"locations":[{"start":{"line":56,"column":44},"end":{"line":56,"column":67}}]},"10":{"type":"branch","line":66,"loc":{"start":{"line":66,"column":22},"end":{"line":68,"column":6}},"locations":[{"start":{"line":66,"column":22},"end":{"line":68,"column":6}}]},"11":{"type":"branch","line":70,"loc":{"start":{"line":70,"column":27},"end":{"line":79,"column":6}},"locations":[{"start":{"line":70,"column":27},"end":{"line":79,"column":6}}]},"12":{"type":"branch","line":75,"loc":{"start":{"line":75,"column":8},"end":{"line":78,"column":9}},"locations":[{"start":{"line":75,"column":8},"end":{"line":78,"column":9}}]},"13":{"type":"branch","line":82,"loc":{"start":{"line":82,"column":14},"end":{"line":98,"column":5}},"locations":[{"start":{"line":82,"column":14},"end":{"line":98,"column":5}}]},"14":{"type":"branch","line":83,"loc":{"start":{"line":83,"column":30},"end":{"line":85,"column":9}},"locations":[{"start":{"line":83,"column":30},"end":{"line":85,"column":9}}]},"15":{"type":"branch","line":89,"loc":{"start":{"line":89,"column":24},"end":{"line":91,"column":9}},"locations":[{"start":{"line":89,"column":24},"end":{"line":91,"column":9}}]},"16":{"type":"branch","line":95,"loc":{"start":{"line":95,"column":25},"end":{"line":97,"column":9}},"locations":[{"start":{"line":95,"column":25},"end":{"line":97,"column":9}}]},"17":{"type":"branch","line":102,"loc":{"start":{"line":102,"column":8},"end":{"line":102,"column":26}},"locations":[{"start":{"line":102,"column":8},"end":{"line":102,"column":26}}]},"18":{"type":"branch","line":103,"loc":{"start":{"line":103,"column":8},"end":{"line":105,"column":10}},"locations":[{"start":{"line":103,"column":8},"end":{"line":105,"column":10}}]},"19":{"type":"branch","line":110,"loc":{"start":{"line":110,"column":8},"end":{"line":110,"column":27}},"locations":[{"start":{"line":110,"column":8},"end":{"line":110,"column":27}}]},"20":{"type":"branch","line":111,"loc":{"start":{"line":111,"column":8},"end":{"line":113,"column":9}},"locations":[{"start":{"line":111,"column":8},"end":{"line":113,"column":9}}]}},"b":{"0":[9],"1":[7],"2":[0],"3":[1],"4":[1],"5":[2],"6":[2],"7":[8],"8":[4],"9":[4],"10":[1],"11":[1],"12":[0],"13":[5],"14":[0],"15":[0],"16":[0],"17":[18],"18":[9],"19":[10],"20":[1]},"fnMap":{"0":{"name":"useTodoList","decl":{"start":{"line":4,"column":0},"end":{"line":129,"column":1}},"loc":{"start":{"line":4,"column":0},"end":{"line":129,"column":1}},"line":4},"1":{"name":"addTask","decl":{"start":{"line":41,"column":20},"end":{"line":53,"column":6}},"loc":{"start":{"line":41,"column":20},"end":{"line":53,"column":6}},"line":41},"2":{"name":"toggleTask","decl":{"start":{"line":55,"column":23},"end":{"line":60,"column":6}},"loc":{"start":{"line":55,"column":23},"end":{"line":60,"column":6}},"line":55},"3":{"name":"removeTask","decl":{"start":{"line":62,"column":23},"end":{"line":64,"column":6}},"loc":{"start":{"line":62,"column":23},"end":{"line":64,"column":6}},"line":62},"4":{"name":"setFilter","decl":{"start":{"line":66,"column":22},"end":{"line":68,"column":6}},"loc":{"start":{"line":66,"column":22},"end":{"line":68,"column":6}},"line":66},"5":{"name":"toggleDarkMode","decl":{"start":{"line":70,"column":27},"end":{"line":79,"column":6}},"loc":{"start":{"line":70,"column":27},"end":{"line":79,"column":6}},"line":70},"6":{"name":"deep","decl":{"start":{"line":103,"column":8},"end":{"line":105,"column":10}},"loc":{"start":{"line":103,"column":8},"end":{"line":105,"column":10}},"line":103}},"f":{"0":9,"1":8,"2":4,"3":0,"4":1,"5":1,"6":9}}
}
